build/app/intermediates/manifest_merge_blame_file/debug/manifest-merger-blame-debug-report.txt
1<?xml version="1.0" encoding="utf-8"?>
2<!--
3 Copyright 2014 The Flutter Authors. All rights reserved.
4Use of this source code is governed by a BSD-style license that can be
5found in the LICENSE file.
6-->
7<manifest xmlns:android="http://schemas.android.com/apk/res/android"
8    package="io.flutter.examples.hello_world"
9    android:versionCode="1"
10    android:versionName="1.0" >
11
12    <uses-sdk
13        android:minSdkVersion="21"
13-->src/main/AndroidManifest.xml
14        android:targetSdkVersion="30" />
14-->src/main/AndroidManifest.xml
15
16    <!--
17         The INTERNET permission is required for development. Specifically,
18         flutter needs it to communicate with the running application
19         to allow setting breakpoints, to provide hot reload, etc.
20    -->
21    <uses-permission android:name="android.permission.INTERNET" />
21-->src/main/AndroidManifest.xml:12:5-66
21-->src/main/AndroidManifest.xml:12:22-64
22    <uses-permission android:name="android.permission.ACCESS_NETWORK_STATE" />
22-->[com.google.firebase:firebase-auth:21.0.5] AndroidManifest.xml:24:5-79
22-->[com.google.firebase:firebase-auth:21.0.5] AndroidManifest.xml:24:22-76
23
24    <application
24-->src/main/AndroidManifest.xml:14:5-30:19
25        android:appComponentFactory="androidx.core.app.CoreComponentFactory"
25-->[androidx.core:core:1.6.0] AndroidManifest.xml:24:18-86
26        android:debuggable="true"
27        android:icon="@mipmap/ic_launcher"
27-->src/main/AndroidManifest.xml:14:46-80
28        android:label="hello_world" >
28-->src/main/AndroidManifest.xml:14:18-45
29        <activity
29-->src/main/AndroidManifest.xml:15:9-24:20
30            android:name="io.flutter.embedding.android.FlutterActivity"
30-->src/main/AndroidManifest.xml:15:19-78
31            android:configChanges="orientation|keyboardHidden|keyboard|screenSize|locale|layoutDirection|fontScale|screenLayout|density|uiMode"
31-->src/main/AndroidManifest.xml:17:19-150
32            android:hardwareAccelerated="true"
32-->src/main/AndroidManifest.xml:18:19-53
33            android:theme="@android:style/Theme.Black.NoTitleBar"
33-->src/main/AndroidManifest.xml:16:19-72
34            android:windowSoftInputMode="adjustResize" >
34-->src/main/AndroidManifest.xml:19:19-61
35            <intent-filter>
35-->src/main/AndroidManifest.xml:20:13-23:29
36                <action android:name="android.intent.action.MAIN" />
36-->src/main/AndroidManifest.xml:21:17-68
36-->src/main/AndroidManifest.xml:21:25-66
37
38                <category android:name="android.intent.category.LAUNCHER" />
38-->src/main/AndroidManifest.xml:22:17-76
38-->src/main/AndroidManifest.xml:22:27-74
39            </intent-filter>
40        </activity>
41        <!--
42         Don't delete the meta-data below.
43         This is used by the Flutter tool to generate GeneratedPluginRegistrant.java
44        -->
45        <meta-data
45-->src/main/AndroidManifest.xml:27:9-29:33
46            android:name="flutterEmbedding"
46-->src/main/AndroidManifest.xml:28:13-44
47            android:value="2" />
47-->src/main/AndroidManifest.xml:29:13-30
48
49        <service
49-->[:firebase_auth] AndroidManifest.xml:8:9-12:19
50            android:name="com.google.firebase.components.ComponentDiscoveryService"
50-->[:firebase_auth] AndroidManifest.xml:8:18-89
51            android:directBootAware="true"
51-->[com.google.firebase:firebase-common:20.1.1] AndroidManifest.xml:35:13-43
52            android:exported="false" >
52-->[com.google.firebase:firebase-auth:21.0.5] AndroidManifest.xml:66:13-37
53            <meta-data
53-->[:firebase_auth] AndroidManifest.xml:9:13-11:85
54                android:name="com.google.firebase.components:io.flutter.plugins.firebase.auth.FlutterFirebaseAuthRegistrar"
54-->[:firebase_auth] AndroidManifest.xml:10:17-124
55                android:value="com.google.firebase.components.ComponentRegistrar" />
55-->[:firebase_auth] AndroidManifest.xml:11:17-82
56            <meta-data
56-->[:firebase_core] AndroidManifest.xml:9:13-11:85
57                android:name="com.google.firebase.components:io.flutter.plugins.firebase.core.FlutterFirebaseCoreRegistrar"
57-->[:firebase_core] AndroidManifest.xml:10:17-124
58                android:value="com.google.firebase.components.ComponentRegistrar" />
58-->[:firebase_core] AndroidManifest.xml:11:17-82
59            <meta-data
59-->[com.google.firebase:firebase-auth:21.0.5] AndroidManifest.xml:67:13-69:85
60                android:name="com.google.firebase.components:com.google.firebase.auth.FirebaseAuthRegistrar"
60-->[com.google.firebase:firebase-auth:21.0.5] AndroidManifest.xml:68:17-109
61                android:value="com.google.firebase.components.ComponentRegistrar" />
61-->[com.google.firebase:firebase-auth:21.0.5] AndroidManifest.xml:69:17-82
62        </service>
63
64        <activity
64-->[com.google.firebase:firebase-auth:21.0.5] AndroidManifest.xml:27:9-44:20
65            android:name="com.google.firebase.auth.internal.GenericIdpActivity"
65-->[com.google.firebase:firebase-auth:21.0.5] AndroidManifest.xml:28:13-80
66            android:excludeFromRecents="true"
66-->[com.google.firebase:firebase-auth:21.0.5] AndroidManifest.xml:29:13-46
67            android:exported="true"
67-->[com.google.firebase:firebase-auth:21.0.5] AndroidManifest.xml:30:13-36
68            android:launchMode="singleTask"
68-->[com.google.firebase:firebase-auth:21.0.5] AndroidManifest.xml:31:13-44
69            android:theme="@android:style/Theme.Translucent.NoTitleBar" >
69-->[com.google.firebase:firebase-auth:21.0.5] AndroidManifest.xml:32:13-72
70            <intent-filter>
70-->[com.google.firebase:firebase-auth:21.0.5] AndroidManifest.xml:33:13-43:29
71                <action android:name="android.intent.action.VIEW" />
71-->[com.google.firebase:firebase-auth:21.0.5] AndroidManifest.xml:34:17-69
71-->[com.google.firebase:firebase-auth:21.0.5] AndroidManifest.xml:34:25-66
72
73                <category android:name="android.intent.category.DEFAULT" />
73-->[com.google.firebase:firebase-auth:21.0.5] AndroidManifest.xml:36:17-76
73-->[com.google.firebase:firebase-auth:21.0.5] AndroidManifest.xml:36:27-73
74                <category android:name="android.intent.category.BROWSABLE" />
74-->[com.google.firebase:firebase-auth:21.0.5] AndroidManifest.xml:37:17-78
74-->[com.google.firebase:firebase-auth:21.0.5] AndroidManifest.xml:37:27-75
75
76                <data
76-->[com.google.firebase:firebase-auth:21.0.5] AndroidManifest.xml:39:17-42:51
77                    android:host="firebase.auth"
77-->[com.google.firebase:firebase-auth:21.0.5] AndroidManifest.xml:40:21-49
78                    android:path="/"
78-->[com.google.firebase:firebase-auth:21.0.5] AndroidManifest.xml:41:21-37
79                    android:scheme="genericidp" />
79-->[com.google.firebase:firebase-auth:21.0.5] AndroidManifest.xml:42:21-48
80            </intent-filter>
81        </activity>
82        <activity
82-->[com.google.firebase:firebase-auth:21.0.5] AndroidManifest.xml:45:9-62:20
83            android:name="com.google.firebase.auth.internal.RecaptchaActivity"
83-->[com.google.firebase:firebase-auth:21.0.5] AndroidManifest.xml:46:13-79
84            android:excludeFromRecents="true"
84-->[com.google.firebase:firebase-auth:21.0.5] AndroidManifest.xml:47:13-46
85            android:exported="true"
85-->[com.google.firebase:firebase-auth:21.0.5] AndroidManifest.xml:48:13-36
86            android:launchMode="singleTask"
86-->[com.google.firebase:firebase-auth:21.0.5] AndroidManifest.xml:49:13-44
87            android:theme="@android:style/Theme.Translucent.NoTitleBar" >
87-->[com.google.firebase:firebase-auth:21.0.5] AndroidManifest.xml:50:13-72
88            <intent-filter>
88-->[com.google.firebase:firebase-auth:21.0.5] AndroidManifest.xml:51:13-61:29
89                <action android:name="android.intent.action.VIEW" />
89-->[com.google.firebase:firebase-auth:21.0.5] AndroidManifest.xml:34:17-69
89-->[com.google.firebase:firebase-auth:21.0.5] AndroidManifest.xml:34:25-66
90
91                <category android:name="android.intent.category.DEFAULT" />
91-->[com.google.firebase:firebase-auth:21.0.5] AndroidManifest.xml:36:17-76
91-->[com.google.firebase:firebase-auth:21.0.5] AndroidManifest.xml:36:27-73
92                <category android:name="android.intent.category.BROWSABLE" />
92-->[com.google.firebase:firebase-auth:21.0.5] AndroidManifest.xml:37:17-78
92-->[com.google.firebase:firebase-auth:21.0.5] AndroidManifest.xml:37:27-75
93
94                <data
94-->[com.google.firebase:firebase-auth:21.0.5] AndroidManifest.xml:39:17-42:51
95                    android:host="firebase.auth"
95-->[com.google.firebase:firebase-auth:21.0.5] AndroidManifest.xml:40:21-49
96                    android:path="/"
96-->[com.google.firebase:firebase-auth:21.0.5] AndroidManifest.xml:41:21-37
97                    android:scheme="recaptcha" />
97-->[com.google.firebase:firebase-auth:21.0.5] AndroidManifest.xml:42:21-48
98            </intent-filter>
99        </activity>
100
101        <provider
101-->[com.google.firebase:firebase-common:20.1.1] AndroidManifest.xml:26:9-31:39
102            android:name="com.google.firebase.provider.FirebaseInitProvider"
102-->[com.google.firebase:firebase-common:20.1.1] AndroidManifest.xml:27:13-77
103            android:authorities="io.flutter.examples.hello_world.firebaseinitprovider"
103-->[com.google.firebase:firebase-common:20.1.1] AndroidManifest.xml:28:13-72
104            android:directBootAware="true"
104-->[com.google.firebase:firebase-common:20.1.1] AndroidManifest.xml:29:13-43
105            android:exported="false"
105-->[com.google.firebase:firebase-common:20.1.1] AndroidManifest.xml:30:13-37
106            android:initOrder="100" />
106-->[com.google.firebase:firebase-common:20.1.1] AndroidManifest.xml:31:13-36
107
108        <activity
108-->[com.google.android.gms:play-services-base:17.1.0] AndroidManifest.xml:23:9-26:75
109            android:name="com.google.android.gms.common.api.GoogleApiActivity"
109-->[com.google.android.gms:play-services-base:17.1.0] AndroidManifest.xml:24:13-79
110            android:exported="false"
110-->[com.google.android.gms:play-services-base:17.1.0] AndroidManifest.xml:25:13-37
111            android:theme="@android:style/Theme.Translucent.NoTitleBar" />
111-->[com.google.android.gms:play-services-base:17.1.0] AndroidManifest.xml:26:13-72
112
113        <meta-data
113-->[com.google.android.gms:play-services-basement:18.0.0] AndroidManifest.xml:21:9-23:69
114            android:name="com.google.android.gms.version"
114-->[com.google.android.gms:play-services-basement:18.0.0] AndroidManifest.xml:22:13-58
115            android:value="@integer/google_play_services_version" />
115-->[com.google.android.gms:play-services-basement:18.0.0] AndroidManifest.xml:23:13-66
116    </application>
117
118</manifest>